# JRE version: Java(TM) SE Runtime Environment (8.0-b132) (build 1.8.0-b132)
# Java VM: Java HotSpot(TM) 64-Bit Server VM (25.0-b70 mixed mode windows-amd64 compressed oops)
Heap:
 PSYoungGen      total 227328K, used 112786K [0x00000000f0000000, 0x0000000100000000, 0x0000000100000000)
  eden space 208896K, 49% used [0x00000000f0000000,0x00000000f6442f60,0x00000000fcc00000)
  from space 18432K, 54% used [0x00000000fee00000,0x00000000ff7e18e8,0x0000000100000000)
  to   space 26624K, 0% used [0x00000000fcc00000,0x00000000fcc00000,0x00000000fe600000)
 ParOldGen       total 110592K, used 91951K [0x00000000d0000000, 0x00000000d6c00000, 0x00000000f0000000)
  object space 110592K, 83% used [0x00000000d0000000,0x00000000d59cbec0,0x00000000d6c00000)
 Metaspace       used 61832K, capacity 63480K, committed 63616K, reserved 1105920K
  class space    used 6774K, capacity 7253K, committed 7296K, reserved 1048576K
GC Heap History (10 events):
Event: 22.360 GC heap before
{Heap before GC invocations=64 (full 6):
 PSYoungGen      total 247808K, used 247747K [0x00000000f0000000, 0x0000000100000000, 0x0000000100000000)
  eden space 236544K, 100% used [0x00000000f0000000,0x00000000fe700000,0x00000000fe700000)
  from space 11264K, 99% used [0x00000000fe700000,0x00000000ff1f0f20,0x00000000ff200000)
  to   space 13824K, 0% used [0x00000000ff280000,0x00000000ff280000,0x0000000100000000)
 ParOldGen       total 76800K, used 68206K [0x00000000d0000000, 0x00000000d4b00000, 0x00000000f0000000)
  object space 76800K, 88% used [0x00000000d0000000,0x00000000d429ba88,0x00000000d4b00000)
 Metaspace       used 57332K, capacity 59038K, committed 59264K, reserved 1101824K
  class space    used 6280K, capacity 6754K, committed 6784K, reserved 1048576K
Event: 22.466 GC heap after
Heap after GC invocations=64 (full 6):
 PSYoungGen      total 239104K, used 13812K [0x00000000f0000000, 0x0000000100000000, 0x0000000100000000)
  eden space 225280K, 0% used [0x00000000f0000000,0x00000000f0000000,0x00000000fdc00000)
  from space 13824K, 99% used [0x00000000ff280000,0x00000000ffffd2d0,0x0000000100000000)
  to   space 18432K, 0% used [0x00000000fdc00000,0x00000000fdc00000,0x00000000fee00000)
 ParOldGen       total 76800K, used 74906K [0x00000000d0000000, 0x00000000d4b00000, 0x00000000f0000000)
  object space 76800K, 97% used [0x00000000d0000000,0x00000000d4926980,0x00000000d4b00000)
 Metaspace       used 57332K, capacity 59038K, committed 59264K, reserved 1101824K
  class space    used 6280K, capacity 6754K, committed 6784K, reserved 1048576K
}
Event: 22.466 GC heap before
{Heap before GC invocations=65 (full 7):
 PSYoungGen      total 239104K, used 13812K [0x00000000f0000000, 0x0000000100000000, 0x0000000100000000)
  eden space 225280K, 0% used [0x00000000f0000000,0x00000000f0000000,0x00000000fdc00000)
  from space 13824K, 99% used [0x00000000ff280000,0x00000000ffffd2d0,0x0000000100000000)
  to   space 18432K, 0% used [0x00000000fdc00000,0x00000000fdc00000,0x00000000fee00000)
 ParOldGen       total 76800K, used 74906K [0x00000000d0000000, 0x00000000d4b00000, 0x00000000f0000000)
  object space 76800K, 97% used [0x00000000d0000000,0x00000000d4926980,0x00000000d4b00000)
 Metaspace       used 57332K, capacity 59038K, committed 59264K, reserved 1101824K
  class space    used 6280K, capacity 6754K, committed 6784K, reserved 1048576K
Event: 23.628 GC heap after
Heap after GC invocations=65 (full 7):
 PSYoungGen      total 239104K, used 10161K [0x00000000f0000000, 0x0000000100000000, 0x0000000100000000)
  eden space 225280K, 0% used [0x00000000f0000000,0x00000000f0000000,0x00000000fdc00000)
  from space 13824K, 73% used [0x00000000ff280000,0x00000000ffc6c5c0,0x0000000100000000)
  to   space 18432K, 0% used [0x00000000fdc00000,0x00000000fdc00000,0x00000000fee00000)
 ParOldGen       total 92160K, used 76410K [0x00000000d0000000, 0x00000000d5a00000, 0x00000000f0000000)
  object space 92160K, 82% used [0x00000000d0000000,0x00000000d4a9eb28,0x00000000d5a00000)
 Metaspace       used 57332K, capacity 59038K, committed 59264K, reserved 1101824K
  class space    used 6280K, capacity 6754K, committed 6784K, reserved 1048576K
}
Event: 25.038 GC heap before
{Heap before GC invocations=66 (full 7):
 PSYoungGen      total 239104K, used 230508K [0x00000000f0000000, 0x0000000100000000, 0x0000000100000000)
  eden space 225280K, 97% used [0x00000000f0000000,0x00000000fd72eaa0,0x00000000fdc00000)
  from space 13824K, 73% used [0x00000000ff280000,0x00000000ffc6c5c0,0x0000000100000000)
  to   space 18432K, 0% used [0x00000000fdc00000,0x00000000fdc00000,0x00000000fee00000)
 ParOldGen       total 92160K, used 76410K [0x00000000d0000000, 0x00000000d5a00000, 0x00000000f0000000)
  object space 92160K, 82% used [0x00000000d0000000,0x00000000d4a9eb28,0x00000000d5a00000)
 Metaspace       used 59003K, capacity 60662K, committed 60928K, reserved 1103872K
  class space    used 6413K, capacity 6888K, committed 6912K, reserved 1048576K
Event: 25.099 GC heap after
Heap after GC invocations=66 (full 7):
 PSYoungGen      total 243712K, used 18426K [0x00000000f0000000, 0x0000000100000000, 0x0000000100000000)
  eden space 225280K, 0% used [0x00000000f0000000,0x00000000f0000000,0x00000000fdc00000)
  from space 18432K, 99% used [0x00000000fdc00000,0x00000000fedfeba8,0x00000000fee00000)
  to   space 18432K, 0% used [0x00000000fee00000,0x00000000fee00000,0x0000000100000000)
 ParOldGen       total 92160K, used 78229K [0x00000000d0000000, 0x00000000d5a00000, 0x00000000f0000000)
  object space 92160K, 84% used [0x00000000d0000000,0x00000000d4c65678,0x00000000d5a00000)
 Metaspace       used 59003K, capacity 60662K, committed 60928K, reserved 1103872K
  class space    used 6413K, capacity 6888K, committed 6912K, reserved 1048576K
}
Event: 25.629 GC heap before
{Heap before GC invocations=67 (full 7):
 PSYoungGen      total 243712K, used 243706K [0x00000000f0000000, 0x0000000100000000, 0x0000000100000000)
  eden space 225280K, 100% used [0x00000000f0000000,0x00000000fdc00000,0x00000000fdc00000)
  from space 18432K, 99% used [0x00000000fdc00000,0x00000000fedfeba8,0x00000000fee00000)
  to   space 18432K, 0% used [0x00000000fee00000,0x00000000fee00000,0x0000000100000000)
 ParOldGen       total 92160K, used 78229K [0x00000000d0000000, 0x00000000d5a00000, 0x00000000f0000000)
  object space 92160K, 84% used [0x00000000d0000000,0x00000000d4c65678,0x00000000d5a00000)
 Metaspace       used 60820K, capacity 62474K, committed 62720K, reserved 1105920K
  class space    used 6690K, capacity 7150K, committed 7168K, reserved 1048576K
Event: 25.690 GC heap after
Heap after GC invocations=67 (full 7):
 PSYoungGen      total 227328K, used 18402K [0x00000000f0000000, 0x0000000100000000, 0x0000000100000000)
  eden space 208896K, 0% used [0x00000000f0000000,0x00000000f0000000,0x00000000fcc00000)
  from space 18432K, 99% used [0x00000000fee00000,0x00000000ffff8868,0x0000000100000000)
  to   space 26624K, 0% used [0x00000000fcc00000,0x00000000fcc00000,0x00000000fe600000)
 ParOldGen       total 92160K, used 84976K [0x00000000d0000000, 0x00000000d5a00000, 0x00000000f0000000)
  object space 92160K, 92% used [0x00000000d0000000,0x00000000d52fc358,0x00000000d5a00000)
 Metaspace       used 60820K, capacity 62474K, committed 62720K, reserved 1105920K
  class space    used 6690K, capacity 7150K, committed 7168K, reserved 1048576K
}
Event: 25.690 GC heap before
{Heap before GC invocations=68 (full 8):
 PSYoungGen      total 227328K, used 18402K [0x00000000f0000000, 0x0000000100000000, 0x0000000100000000)
  eden space 208896K, 0% used [0x00000000f0000000,0x00000000f0000000,0x00000000fcc00000)
  from space 18432K, 99% used [0x00000000fee00000,0x00000000ffff8868,0x0000000100000000)
  to   space 26624K, 0% used [0x00000000fcc00000,0x00000000fcc00000,0x00000000fe600000)
 ParOldGen       total 92160K, used 84976K [0x00000000d0000000, 0x00000000d5a00000, 0x00000000f0000000)
  object space 92160K, 92% used [0x00000000d0000000,0x00000000d52fc358,0x00000000d5a00000)
 Metaspace       used 60820K, capacity 62474K, committed 62720K, reserved 1105920K
  class space    used 6690K, capacity 7150K, committed 7168K, reserved 1048576K
Event: 26.329 GC heap after
Heap after GC invocations=68 (full 8):
 PSYoungGen      total 227328K, used 10118K [0x00000000f0000000, 0x0000000100000000, 0x0000000100000000)
  eden space 208896K, 0% used [0x00000000f0000000,0x00000000f0000000,0x00000000fcc00000)
  from space 18432K, 54% used [0x00000000fee00000,0x00000000ff7e18e8,0x0000000100000000)
  to   space 26624K, 0% used [0x00000000fcc00000,0x00000000fcc00000,0x00000000fe600000)
 ParOldGen       total 110592K, used 91951K [0x00000000d0000000, 0x00000000d6c00000, 0x00000000f0000000)
  object space 110592K, 83% used [0x00000000d0000000,0x00000000d59cbec0,0x00000000d6c00000)
 Metaspace       used 60816K, capacity 62468K, committed 62720K, reserved 1105920K
  class space    used 6689K, capacity 7149K, committed 7168K, reserved 1048576K
}

