# JRE version: Java(TM) SE Runtime Environment (8.0-b132) (build 1.8.0-b132)
# Java VM: Java HotSpot(TM) 64-Bit Server VM (25.0-b70 mixed mode windows-amd64 compressed oops)
Heap:
 PSYoungGen      total 225792K, used 203280K [0x00000000f0000000, 0x0000000100000000, 0x0000000100000000)
  eden space 200704K, 88% used [0x00000000f0000000,0x00000000fae1acd8,0x00000000fc400000)
  from space 25088K, 99% used [0x00000000fc400000,0x00000000fdc69490,0x00000000fdc80000)
  to   space 33792K, 0% used [0x00000000fdf00000,0x00000000fdf00000,0x0000000100000000)
 ParOldGen       total 89600K, used 75811K [0x00000000d0000000, 0x00000000d5780000, 0x00000000f0000000)
  object space 89600K, 84% used [0x00000000d0000000,0x00000000d4a08c98,0x00000000d5780000)
 Metaspace       used 63430K, capacity 65528K, committed 65664K, reserved 1107968K
  class space    used 7047K, capacity 7734K, committed 7808K, reserved 1048576K
GC Heap History (10 events):
Event: 46.907 GC heap before
{Heap before GC invocations=75 (full 5):
 PSYoungGen      total 214528K, used 204501K [0x00000000f0000000, 0x00000000fec80000, 0x0000000100000000)
  eden space 194560K, 100% used [0x00000000f0000000,0x00000000fbe00000,0x00000000fbe00000)
  from space 19968K, 49% used [0x00000000fbe00000,0x00000000fc7b5558,0x00000000fd180000)
  to   space 19456K, 0% used [0x00000000fd980000,0x00000000fd980000,0x00000000fec80000)
 ParOldGen       total 76288K, used 64032K [0x00000000d0000000, 0x00000000d4a80000, 0x00000000f0000000)
  object space 76288K, 83% used [0x00000000d0000000,0x00000000d3e881b0,0x00000000d4a80000)
 Metaspace       used 56039K, capacity 57660K, committed 57984K, reserved 1099776K
  class space    used 6194K, capacity 6684K, committed 6784K, reserved 1048576K
Event: 47.394 GC heap after
Heap after GC invocations=75 (full 5):
 PSYoungGen      total 220672K, used 16351K [0x00000000f0000000, 0x00000000ff400000, 0x0000000100000000)
  eden space 201216K, 0% used [0x00000000f0000000,0x00000000f0000000,0x00000000fc480000)
  from space 19456K, 84% used [0x00000000fd980000,0x00000000fe977c40,0x00000000fec80000)
  to   space 21504K, 0% used [0x00000000fc480000,0x00000000fc480000,0x00000000fd980000)
 ParOldGen       total 76288K, used 64032K [0x00000000d0000000, 0x00000000d4a80000, 0x00000000f0000000)
  object space 76288K, 83% used [0x00000000d0000000,0x00000000d3e881b0,0x00000000d4a80000)
 Metaspace       used 56039K, capacity 57660K, committed 57984K, reserved 1099776K
  class space    used 6194K, capacity 6684K, committed 6784K, reserved 1048576K
}
Event: 48.777 GC heap before
{Heap before GC invocations=76 (full 5):
 PSYoungGen      total 220672K, used 217567K [0x00000000f0000000, 0x00000000ff400000, 0x0000000100000000)
  eden space 201216K, 100% used [0x00000000f0000000,0x00000000fc480000,0x00000000fc480000)
  from space 19456K, 84% used [0x00000000fd980000,0x00000000fe977c40,0x00000000fec80000)
  to   space 21504K, 0% used [0x00000000fc480000,0x00000000fc480000,0x00000000fd980000)
 ParOldGen       total 76288K, used 64032K [0x00000000d0000000, 0x00000000d4a80000, 0x00000000f0000000)
  object space 76288K, 83% used [0x00000000d0000000,0x00000000d3e881b0,0x00000000d4a80000)
 Metaspace       used 57934K, capacity 59546K, committed 59904K, reserved 1101824K
  class space    used 6337K, capacity 6820K, committed 6912K, reserved 1048576K
Event: 48.825 GC heap after
Heap after GC invocations=76 (full 5):
 PSYoungGen      total 222720K, used 21473K [0x00000000f0000000, 0x0000000100000000, 0x0000000100000000)
  eden space 201216K, 0% used [0x00000000f0000000,0x00000000f0000000,0x00000000fc480000)
  from space 21504K, 99% used [0x00000000fc480000,0x00000000fd978688,0x00000000fd980000)
  to   space 27136K, 0% used [0x00000000fe580000,0x00000000fe580000,0x0000000100000000)
 ParOldGen       total 76288K, used 69124K [0x00000000d0000000, 0x00000000d4a80000, 0x00000000f0000000)
  object space 76288K, 90% used [0x00000000d0000000,0x00000000d4381070,0x00000000d4a80000)
 Metaspace       used 57934K, capacity 59546K, committed 59904K, reserved 1101824K
  class space    used 6337K, capacity 6820K, committed 6912K, reserved 1048576K
}
Event: 49.606 GC heap before
{Heap before GC invocations=77 (full 5):
 PSYoungGen      total 222720K, used 221771K [0x00000000f0000000, 0x0000000100000000, 0x0000000100000000)
  eden space 201216K, 99% used [0x00000000f0000000,0x00000000fc39a5e8,0x00000000fc480000)
  from space 21504K, 99% used [0x00000000fc480000,0x00000000fd978688,0x00000000fd980000)
  to   space 27136K, 0% used [0x00000000fe580000,0x00000000fe580000,0x0000000100000000)
 ParOldGen       total 76288K, used 69124K [0x00000000d0000000, 0x00000000d4a80000, 0x00000000f0000000)
  object space 76288K, 90% used [0x00000000d0000000,0x00000000d4381070,0x00000000d4a80000)
 Metaspace       used 58900K, capacity 60544K, committed 61056K, reserved 1103872K
  class space    used 6455K, capacity 6917K, committed 7040K, reserved 1048576K
Event: 49.648 GC heap after
Heap after GC invocations=77 (full 5):
 PSYoungGen      total 227840K, used 24304K [0x00000000f0000000, 0x0000000100000000, 0x0000000100000000)
  eden space 200704K, 0% used [0x00000000f0000000,0x00000000f0000000,0x00000000fc400000)
  from space 27136K, 89% used [0x00000000fe580000,0x00000000ffd3c3d8,0x0000000100000000)
  to   space 30720K, 0% used [0x00000000fc400000,0x00000000fc400000,0x00000000fe200000)
 ParOldGen       total 76288K, used 69626K [0x00000000d0000000, 0x00000000d4a80000, 0x00000000f0000000)
  object space 76288K, 91% used [0x00000000d0000000,0x00000000d43fead8,0x00000000d4a80000)
 Metaspace       used 58900K, capacity 60544K, committed 61056K, reserved 1103872K
  class space    used 6455K, capacity 6917K, committed 7040K, reserved 1048576K
}
Event: 49.648 GC heap before
{Heap before GC invocations=78 (full 6):
 PSYoungGen      total 227840K, used 24304K [0x00000000f0000000, 0x0000000100000000, 0x0000000100000000)
  eden space 200704K, 0% used [0x00000000f0000000,0x00000000f0000000,0x00000000fc400000)
  from space 27136K, 89% used [0x00000000fe580000,0x00000000ffd3c3d8,0x0000000100000000)
  to   space 30720K, 0% used [0x00000000fc400000,0x00000000fc400000,0x00000000fe200000)
 ParOldGen       total 76288K, used 69626K [0x00000000d0000000, 0x00000000d4a80000, 0x00000000f0000000)
  object space 76288K, 91% used [0x00000000d0000000,0x00000000d43fead8,0x00000000d4a80000)
 Metaspace       used 58900K, capacity 60544K, committed 61056K, reserved 1103872K
  class space    used 6455K, capacity 6917K, committed 7040K, reserved 1048576K
Event: 50.717 GC heap after
Heap after GC invocations=78 (full 6):
 PSYoungGen      total 227840K, used 16891K [0x00000000f0000000, 0x0000000100000000, 0x0000000100000000)
  eden space 200704K, 0% used [0x00000000f0000000,0x00000000f0000000,0x00000000fc400000)
  from space 27136K, 62% used [0x00000000fe580000,0x00000000ff5fef70,0x0000000100000000)
  to   space 30720K, 0% used [0x00000000fc400000,0x00000000fc400000,0x00000000fe200000)
 ParOldGen       total 89600K, used 75803K [0x00000000d0000000, 0x00000000d5780000, 0x00000000f0000000)
  object space 89600K, 84% used [0x00000000d0000000,0x00000000d4a06c98,0x00000000d5780000)
 Metaspace       used 58900K, capacity 60544K, committed 61056K, reserved 1103872K
  class space    used 6455K, capacity 6917K, committed 7040K, reserved 1048576K
}
Event: 51.669 GC heap before
{Heap before GC invocations=79 (full 6):
 PSYoungGen      total 227840K, used 217595K [0x00000000f0000000, 0x0000000100000000, 0x0000000100000000)
  eden space 200704K, 100% used [0x00000000f0000000,0x00000000fc400000,0x00000000fc400000)
  from space 27136K, 62% used [0x00000000fe580000,0x00000000ff5fef70,0x0000000100000000)
  to   space 30720K, 0% used [0x00000000fc400000,0x00000000fc400000,0x00000000fe200000)
 ParOldGen       total 89600K, used 75803K [0x00000000d0000000, 0x00000000d5780000, 0x00000000f0000000)
  object space 89600K, 84% used [0x00000000d0000000,0x00000000d4a06c98,0x00000000d5780000)
 Metaspace       used 60972K, capacity 62632K, committed 63104K, reserved 1105920K
  class space    used 6719K, capacity 7208K, committed 7296K, reserved 1048576K
Event: 51.719 GC heap after
Heap after GC invocations=79 (full 6):
 PSYoungGen      total 225792K, used 24997K [0x00000000f0000000, 0x0000000100000000, 0x0000000100000000)
  eden space 200704K, 0% used [0x00000000f0000000,0x00000000f0000000,0x00000000fc400000)
  from space 25088K, 99% used [0x00000000fc400000,0x00000000fdc69490,0x00000000fdc80000)
  to   space 33792K, 0% used [0x00000000fdf00000,0x00000000fdf00000,0x0000000100000000)
 ParOldGen       total 89600K, used 75811K [0x00000000d0000000, 0x00000000d5780000, 0x00000000f0000000)
  object space 89600K, 84% used [0x00000000d0000000,0x00000000d4a08c98,0x00000000d5780000)
 Metaspace       used 60972K, capacity 62632K, committed 63104K, reserved 1105920K
  class space    used 6719K, capacity 7208K, committed 7296K, reserved 1048576K
}

