# JRE version: Java(TM) SE Runtime Environment (8.0-b132) (build 1.8.0-b132)
# Java VM: Java HotSpot(TM) 64-Bit Server VM (25.0-b70 mixed mode windows-amd64 compressed oops)
Heap:
 PSYoungGen      total 239616K, used 113847K [0x00000000f0000000, 0x0000000100000000, 0x0000000100000000)
  eden space 222720K, 43% used [0x00000000f0000000,0x00000000f5eb1308,0x00000000fd980000)
  from space 16896K, 99% used [0x00000000fd980000,0x00000000fe9fc920,0x00000000fea00000)
  to   space 20480K, 0% used [0x00000000fec00000,0x00000000fec00000,0x0000000100000000)
 ParOldGen       total 88576K, used 73212K [0x00000000d0000000, 0x00000000d5680000, 0x00000000f0000000)
  object space 88576K, 82% used [0x00000000d0000000,0x00000000d477f360,0x00000000d5680000)
 Metaspace       used 56321K, capacity 57954K, committed 58216K, reserved 1099776K
  class space    used 6475K, capacity 6955K, committed 7040K, reserved 1048576K
GC Heap History (10 events):
Event: 16.197 GC heap before
{Heap before GC invocations=64 (full 6):
 PSYoungGen      total 214016K, used 205945K [0x00000000f0000000, 0x00000000fe780000, 0x0000000100000000)
  eden space 203776K, 100% used [0x00000000f0000000,0x00000000fc700000,0x00000000fc700000)
  from space 10240K, 21% used [0x00000000fc700000,0x00000000fc91e488,0x00000000fd100000)
  to   space 9728K, 0% used [0x00000000fde00000,0x00000000fde00000,0x00000000fe780000)
 ParOldGen       total 72192K, used 59123K [0x00000000d0000000, 0x00000000d4680000, 0x00000000f0000000)
  object space 72192K, 81% used [0x00000000d0000000,0x00000000d39bcf00,0x00000000d4680000)
 Metaspace       used 51125K, capacity 52676K, committed 52840K, reserved 1095680K
  class space    used 5803K, capacity 6231K, committed 6272K, reserved 1048576K
Event: 16.221 GC heap after
Heap after GC invocations=64 (full 6):
 PSYoungGen      total 224256K, used 4790K [0x00000000f0000000, 0x00000000fe600000, 0x0000000100000000)
  eden space 216064K, 0% used [0x00000000f0000000,0x00000000f0000000,0x00000000fd300000)
  from space 8192K, 58% used [0x00000000fde00000,0x00000000fe2ad8a8,0x00000000fe600000)
  to   space 9728K, 0% used [0x00000000fd300000,0x00000000fd300000,0x00000000fdc80000)
 ParOldGen       total 72192K, used 59131K [0x00000000d0000000, 0x00000000d4680000, 0x00000000f0000000)
  object space 72192K, 81% used [0x00000000d0000000,0x00000000d39bef00,0x00000000d4680000)
 Metaspace       used 51125K, capacity 52676K, committed 52840K, reserved 1095680K
  class space    used 5803K, capacity 6231K, committed 6272K, reserved 1048576K
}
Event: 18.037 GC heap before
{Heap before GC invocations=65 (full 6):
 PSYoungGen      total 224256K, used 220854K [0x00000000f0000000, 0x00000000fe600000, 0x0000000100000000)
  eden space 216064K, 100% used [0x00000000f0000000,0x00000000fd300000,0x00000000fd300000)
  from space 8192K, 58% used [0x00000000fde00000,0x00000000fe2ad8a8,0x00000000fe600000)
  to   space 9728K, 0% used [0x00000000fd300000,0x00000000fd300000,0x00000000fdc80000)
 ParOldGen       total 72192K, used 59131K [0x00000000d0000000, 0x00000000d4680000, 0x00000000f0000000)
  object space 72192K, 81% used [0x00000000d0000000,0x00000000d39bef00,0x00000000d4680000)
 Metaspace       used 52327K, capacity 53892K, committed 54120K, reserved 1097728K
  class space    used 5951K, capacity 6409K, committed 6528K, reserved 1048576K
Event: 18.075 GC heap after
Heap after GC invocations=65 (full 6):
 PSYoungGen      total 225792K, used 9728K [0x00000000f0000000, 0x00000000ff580000, 0x0000000100000000)
  eden space 216064K, 0% used [0x00000000f0000000,0x00000000f0000000,0x00000000fd300000)
  from space 9728K, 100% used [0x00000000fd300000,0x00000000fdc80000,0x00000000fdc80000)
  to   space 11776K, 0% used [0x00000000fea00000,0x00000000fea00000,0x00000000ff580000)
 ParOldGen       total 72192K, used 60951K [0x00000000d0000000, 0x00000000d4680000, 0x00000000f0000000)
  object space 72192K, 84% used [0x00000000d0000000,0x00000000d3b85e48,0x00000000d4680000)
 Metaspace       used 52327K, capacity 53892K, committed 54120K, reserved 1097728K
  class space    used 5951K, capacity 6409K, committed 6528K, reserved 1048576K
}
Event: 19.617 GC heap before
{Heap before GC invocations=66 (full 6):
 PSYoungGen      total 225792K, used 221596K [0x00000000f0000000, 0x00000000ff580000, 0x0000000100000000)
  eden space 216064K, 98% used [0x00000000f0000000,0x00000000fcee7370,0x00000000fd300000)
  from space 9728K, 100% used [0x00000000fd300000,0x00000000fdc80000,0x00000000fdc80000)
  to   space 11776K, 0% used [0x00000000fea00000,0x00000000fea00000,0x00000000ff580000)
 ParOldGen       total 72192K, used 60951K [0x00000000d0000000, 0x00000000d4680000, 0x00000000f0000000)
  object space 72192K, 84% used [0x00000000d0000000,0x00000000d3b85e48,0x00000000d4680000)
 Metaspace       used 53972K, capacity 55622K, committed 55784K, reserved 1097728K
  class space    used 6102K, capacity 6580K, committed 6656K, reserved 1048576K
Event: 19.652 GC heap after
Heap after GC invocations=66 (full 6):
 PSYoungGen      total 234496K, used 11744K [0x00000000f0000000, 0x00000000ffe80000, 0x0000000100000000)
  eden space 222720K, 0% used [0x00000000f0000000,0x00000000f0000000,0x00000000fd980000)
  from space 11776K, 99% used [0x00000000fea00000,0x00000000ff578310,0x00000000ff580000)
  to   space 16896K, 0% used [0x00000000fd980000,0x00000000fd980000,0x00000000fea00000)
 ParOldGen       total 72192K, used 69393K [0x00000000d0000000, 0x00000000d4680000, 0x00000000f0000000)
  object space 72192K, 96% used [0x00000000d0000000,0x00000000d43c4688,0x00000000d4680000)
 Metaspace       used 53972K, capacity 55622K, committed 55784K, reserved 1097728K
  class space    used 6102K, capacity 6580K, committed 6656K, reserved 1048576K
}
Event: 19.652 GC heap before
{Heap before GC invocations=67 (full 7):
 PSYoungGen      total 234496K, used 11744K [0x00000000f0000000, 0x00000000ffe80000, 0x0000000100000000)
  eden space 222720K, 0% used [0x00000000f0000000,0x00000000f0000000,0x00000000fd980000)
  from space 11776K, 99% used [0x00000000fea00000,0x00000000ff578310,0x00000000ff580000)
  to   space 16896K, 0% used [0x00000000fd980000,0x00000000fd980000,0x00000000fea00000)
 ParOldGen       total 72192K, used 69393K [0x00000000d0000000, 0x00000000d4680000, 0x00000000f0000000)
  object space 72192K, 96% used [0x00000000d0000000,0x00000000d43c4688,0x00000000d4680000)
 Metaspace       used 53972K, capacity 55622K, committed 55784K, reserved 1097728K
  class space    used 6102K, capacity 6580K, committed 6656K, reserved 1048576K
Event: 20.471 GC heap after
Heap after GC invocations=67 (full 7):
 PSYoungGen      total 234496K, used 7102K [0x00000000f0000000, 0x00000000ffe80000, 0x0000000100000000)
  eden space 222720K, 0% used [0x00000000f0000000,0x00000000f0000000,0x00000000fd980000)
  from space 11776K, 60% used [0x00000000fea00000,0x00000000ff0efbf0,0x00000000ff580000)
  to   space 16896K, 0% used [0x00000000fd980000,0x00000000fd980000,0x00000000fea00000)
 ParOldGen       total 88576K, used 71954K [0x00000000d0000000, 0x00000000d5680000, 0x00000000f0000000)
  object space 88576K, 81% used [0x00000000d0000000,0x00000000d4644a78,0x00000000d5680000)
 Metaspace       used 53972K, capacity 55622K, committed 55784K, reserved 1097728K
  class space    used 6102K, capacity 6580K, committed 6656K, reserved 1048576K
}
Event: 21.658 GC heap before
{Heap before GC invocations=68 (full 7):
 PSYoungGen      total 234496K, used 225964K [0x00000000f0000000, 0x00000000ffe80000, 0x0000000100000000)
  eden space 222720K, 98% used [0x00000000f0000000,0x00000000fd5bb7b0,0x00000000fd980000)
  from space 11776K, 60% used [0x00000000fea00000,0x00000000ff0efbf0,0x00000000ff580000)
  to   space 16896K, 0% used [0x00000000fd980000,0x00000000fd980000,0x00000000fea00000)
 ParOldGen       total 88576K, used 71954K [0x00000000d0000000, 0x00000000d5680000, 0x00000000f0000000)
  object space 88576K, 81% used [0x00000000d0000000,0x00000000d4644a78,0x00000000d5680000)
 Metaspace       used 55935K, capacity 57542K, committed 57832K, reserved 1099776K
  class space    used 6419K, capacity 6880K, committed 6912K, reserved 1048576K
Event: 21.709 GC heap after
Heap after GC invocations=68 (full 7):
 PSYoungGen      total 239616K, used 16882K [0x00000000f0000000, 0x0000000100000000, 0x0000000100000000)
  eden space 222720K, 0% used [0x00000000f0000000,0x00000000f0000000,0x00000000fd980000)
  from space 16896K, 99% used [0x00000000fd980000,0x00000000fe9fc920,0x00000000fea00000)
  to   space 20480K, 0% used [0x00000000fec00000,0x00000000fec00000,0x0000000100000000)
 ParOldGen       total 88576K, used 73212K [0x00000000d0000000, 0x00000000d5680000, 0x00000000f0000000)
  object space 88576K, 82% used [0x00000000d0000000,0x00000000d477f360,0x00000000d5680000)
 Metaspace       used 55935K, capacity 57542K, committed 57832K, reserved 1099776K
  class space    used 6419K, capacity 6880K, committed 6912K, reserved 1048576K
}

