# JRE version: Java(TM) SE Runtime Environment (7.0_75-b13) (build 1.7.0_75-b13)
# Java VM: Java HotSpot(TM) 64-Bit Server VM (24.75-b04 mixed mode windows-amd64 compressed oops)
Heap
 PSYoungGen      total 285696K, used 243466K [0x00000000eb280000, 0x00000000ffd80000, 0x0000000100000000)
  eden space 233472K, 90% used [0x00000000eb280000,0x00000000f80ef1e8,0x00000000f9680000)
  from space 52224K, 61% used [0x00000000fca80000,0x00000000fe9d3698,0x00000000ffd80000)
  to   space 52736K, 0% used [0x00000000f9680000,0x00000000f9680000,0x00000000fca00000)
 ParOldGen       total 375808K, used 362702K [0x00000000c1800000, 0x00000000d8700000, 0x00000000eb280000)
  object space 375808K, 96% used [0x00000000c1800000,0x00000000d7a33a10,0x00000000d8700000)
 PSPermGen       total 198656K, used 180757K [0x00000000aec00000, 0x00000000bae00000, 0x00000000c1800000)
  object space 198656K, 90% used [0x00000000aec00000,0x00000000b9c85738,0x00000000bae00000)
GC Heap History (10 events):
Event: 75.538 GC heap before
{Heap before GC invocations=103 (full 3):
 PSYoungGen      total 281088K, used 263138K [0x00000000eb280000, 0x00000000fff00000, 0x0000000100000000)
  eden space 221696K, 100% used [0x00000000eb280000,0x00000000f8b00000,0x00000000f8b00000)
  from space 59392K, 69% used [0x00000000f8b00000,0x00000000fb378950,0x00000000fc500000)
  to   space 58880K, 0% used [0x00000000fc580000,0x00000000fc580000,0x00000000fff00000)
 ParOldGen       total 375808K, used 345577K [0x00000000c1800000, 0x00000000d8700000, 0x00000000eb280000)
  object space 375808K, 91% used [0x00000000c1800000,0x00000000d697a690,0x00000000d8700000)
 PSPermGen       total 198656K, used 178679K [0x00000000aec00000, 0x00000000bae00000, 0x00000000c1800000)
  object space 198656K, 89% used [0x00000000aec00000,0x00000000b9a7dc40,0x00000000bae00000)
Event: 75.562 GC heap after
Heap after GC invocations=103 (full 3):
 PSYoungGen      total 280576K, used 39661K [0x00000000eb280000, 0x00000000ffd80000, 0x0000000100000000)
  eden space 223232K, 0% used [0x00000000eb280000,0x00000000eb280000,0x00000000f8c80000)
  from space 57344K, 69% used [0x00000000fc580000,0x00000000fec3b790,0x00000000ffd80000)
  to   space 57856K, 0% used [0x00000000f8c80000,0x00000000f8c80000,0x00000000fc500000)
 ParOldGen       total 375808K, used 349827K [0x00000000c1800000, 0x00000000d8700000, 0x00000000eb280000)
  object space 375808K, 93% used [0x00000000c1800000,0x00000000d6da0da8,0x00000000d8700000)
 PSPermGen       total 198656K, used 178679K [0x00000000aec00000, 0x00000000bae00000, 0x00000000c1800000)
  object space 198656K, 89% used [0x00000000aec00000,0x00000000b9a7dc40,0x00000000bae00000)
}
Event: 76.286 GC heap before
{Heap before GC invocations=104 (full 3):
 PSYoungGen      total 280576K, used 262893K [0x00000000eb280000, 0x00000000ffd80000, 0x0000000100000000)
  eden space 223232K, 100% used [0x00000000eb280000,0x00000000f8c80000,0x00000000f8c80000)
  from space 57344K, 69% used [0x00000000fc580000,0x00000000fec3b790,0x00000000ffd80000)
  to   space 57856K, 0% used [0x00000000f8c80000,0x00000000f8c80000,0x00000000fc500000)
 ParOldGen       total 375808K, used 349827K [0x00000000c1800000, 0x00000000d8700000, 0x00000000eb280000)
  object space 375808K, 93% used [0x00000000c1800000,0x00000000d6da0da8,0x00000000d8700000)
 PSPermGen       total 198656K, used 178946K [0x00000000aec00000, 0x00000000bae00000, 0x00000000c1800000)
  object space 198656K, 90% used [0x00000000aec00000,0x00000000b9ac0b58,0x00000000bae00000)
Event: 76.308 GC heap after
Heap after GC invocations=104 (full 3):
 PSYoungGen      total 281088K, used 36405K [0x00000000eb280000, 0x00000000ffc80000, 0x0000000100000000)
  eden space 223232K, 0% used [0x00000000eb280000,0x00000000eb280000,0x00000000f8c80000)
  from space 57856K, 62% used [0x00000000f8c80000,0x00000000fb00d7b8,0x00000000fc500000)
  to   space 55808K, 0% used [0x00000000fc600000,0x00000000fc600000,0x00000000ffc80000)
 ParOldGen       total 375808K, used 353987K [0x00000000c1800000, 0x00000000d8700000, 0x00000000eb280000)
  object space 375808K, 94% used [0x00000000c1800000,0x00000000d71b0dc8,0x00000000d8700000)
 PSPermGen       total 198656K, used 178946K [0x00000000aec00000, 0x00000000bae00000, 0x00000000c1800000)
  object space 198656K, 90% used [0x00000000aec00000,0x00000000b9ac0b58,0x00000000bae00000)
}
Event: 76.834 GC heap before
{Heap before GC invocations=105 (full 3):
 PSYoungGen      total 281088K, used 259637K [0x00000000eb280000, 0x00000000ffc80000, 0x0000000100000000)
  eden space 223232K, 100% used [0x00000000eb280000,0x00000000f8c80000,0x00000000f8c80000)
  from space 57856K, 62% used [0x00000000f8c80000,0x00000000fb00d7b8,0x00000000fc500000)
  to   space 55808K, 0% used [0x00000000fc600000,0x00000000fc600000,0x00000000ffc80000)
 ParOldGen       total 375808K, used 353987K [0x00000000c1800000, 0x00000000d8700000, 0x00000000eb280000)
  object space 375808K, 94% used [0x00000000c1800000,0x00000000d71b0dc8,0x00000000d8700000)
 PSPermGen       total 198656K, used 179416K [0x00000000aec00000, 0x00000000bae00000, 0x00000000c1800000)
  object space 198656K, 90% used [0x00000000aec00000,0x00000000b9b36058,0x00000000bae00000)
Event: 76.857 GC heap after
Heap after GC invocations=105 (full 3):
 PSYoungGen      total 282112K, used 34432K [0x00000000eb280000, 0x00000000ffb00000, 0x0000000100000000)
  eden space 227840K, 0% used [0x00000000eb280000,0x00000000eb280000,0x00000000f9100000)
  from space 54272K, 63% used [0x00000000fc600000,0x00000000fe7a0268,0x00000000ffb00000)
  to   space 54272K, 0% used [0x00000000f9100000,0x00000000f9100000,0x00000000fc600000)
 ParOldGen       total 375808K, used 357648K [0x00000000c1800000, 0x00000000d8700000, 0x00000000eb280000)
  object space 375808K, 95% used [0x00000000c1800000,0x00000000d75442b0,0x00000000d8700000)
 PSPermGen       total 198656K, used 179416K [0x00000000aec00000, 0x00000000bae00000, 0x00000000c1800000)
  object space 198656K, 90% used [0x00000000aec00000,0x00000000b9b36058,0x00000000bae00000)
}
Event: 77.372 GC heap before
{Heap before GC invocations=106 (full 3):
 PSYoungGen      total 282112K, used 262272K [0x00000000eb280000, 0x00000000ffb00000, 0x0000000100000000)
  eden space 227840K, 100% used [0x00000000eb280000,0x00000000f9100000,0x00000000f9100000)
  from space 54272K, 63% used [0x00000000fc600000,0x00000000fe7a0268,0x00000000ffb00000)
  to   space 54272K, 0% used [0x00000000f9100000,0x00000000f9100000,0x00000000fc600000)
 ParOldGen       total 375808K, used 357648K [0x00000000c1800000, 0x00000000d8700000, 0x00000000eb280000)
  object space 375808K, 95% used [0x00000000c1800000,0x00000000d75442b0,0x00000000d8700000)
 PSPermGen       total 198656K, used 179594K [0x00000000aec00000, 0x00000000bae00000, 0x00000000c1800000)
  object space 198656K, 90% used [0x00000000aec00000,0x00000000b9b629d8,0x00000000bae00000)
Event: 77.394 GC heap after
Heap after GC invocations=106 (full 3):
 PSYoungGen      total 282112K, used 30442K [0x00000000eb280000, 0x00000000fff00000, 0x0000000100000000)
  eden space 227840K, 0% used [0x00000000eb280000,0x00000000eb280000,0x00000000f9100000)
  from space 54272K, 56% used [0x00000000f9100000,0x00000000faebaa30,0x00000000fc600000)
  to   space 53760K, 0% used [0x00000000fca80000,0x00000000fca80000,0x00000000fff00000)
 ParOldGen       total 375808K, used 362310K [0x00000000c1800000, 0x00000000d8700000, 0x00000000eb280000)
  object space 375808K, 96% used [0x00000000c1800000,0x00000000d79d1a88,0x00000000d8700000)
 PSPermGen       total 198656K, used 179594K [0x00000000aec00000, 0x00000000bae00000, 0x00000000c1800000)
  object space 198656K, 90% used [0x00000000aec00000,0x00000000b9b629d8,0x00000000bae00000)
}
Event: 1050.307 GC heap before
{Heap before GC invocations=107 (full 3):
 PSYoungGen      total 282112K, used 249915K [0x00000000eb280000, 0x00000000fff00000, 0x0000000100000000)
  eden space 227840K, 96% used [0x00000000eb280000,0x00000000f88d4300,0x00000000f9100000)
  from space 54272K, 56% used [0x00000000f9100000,0x00000000faebaa30,0x00000000fc600000)
  to   space 53760K, 0% used [0x00000000fca80000,0x00000000fca80000,0x00000000fff00000)
 ParOldGen       total 375808K, used 362310K [0x00000000c1800000, 0x00000000d8700000, 0x00000000eb280000)
  object space 375808K, 96% used [0x00000000c1800000,0x00000000d79d1a88,0x00000000d8700000)
 PSPermGen       total 198656K, used 180288K [0x00000000aec00000, 0x00000000bae00000, 0x00000000c1800000)
  object space 198656K, 90% used [0x00000000aec00000,0x00000000b9c10088,0x00000000bae00000)
Event: 1050.328 GC heap after
Heap after GC invocations=107 (full 3):
 PSYoungGen      total 285696K, used 32077K [0x00000000eb280000, 0x00000000ffd80000, 0x0000000100000000)
  eden space 233472K, 0% used [0x00000000eb280000,0x00000000eb280000,0x00000000f9680000)
  from space 52224K, 61% used [0x00000000fca80000,0x00000000fe9d3698,0x00000000ffd80000)
  to   space 52736K, 0% used [0x00000000f9680000,0x00000000f9680000,0x00000000fca00000)
 ParOldGen       total 375808K, used 362702K [0x00000000c1800000, 0x00000000d8700000, 0x00000000eb280000)
  object space 375808K, 96% used [0x00000000c1800000,0x00000000d7a33a10,0x00000000d8700000)
 PSPermGen       total 198656K, used 180288K [0x00000000aec00000, 0x00000000bae00000, 0x00000000c1800000)
  object space 198656K, 90% used [0x00000000aec00000,0x00000000b9c10088,0x00000000bae00000)
}

