# JRE version: Java(TM) SE Runtime Environment (8.0-b132) (build 1.8.0-b132)
# Java VM: Java HotSpot(TM) 64-Bit Server VM (25.0-b70 mixed mode windows-amd64 compressed oops)
Heap:
 PSYoungGen      total 244224K, used 36508K [0x00000000f0000000, 0x0000000100000000, 0x0000000100000000)
  eden space 226304K, 8% used [0x00000000f0000000,0x00000000f1229218,0x00000000fdd00000)
  from space 17920K, 99% used [0x00000000fdd00000,0x00000000fee7dde8,0x00000000fee80000)
  to   space 17920K, 0% used [0x00000000fee80000,0x00000000fee80000,0x0000000100000000)
 ParOldGen       total 97280K, used 82052K [0x00000000d0000000, 0x00000000d5f00000, 0x00000000f0000000)
  object space 97280K, 84% used [0x00000000d0000000,0x00000000d50211d0,0x00000000d5f00000)
 Metaspace       used 60286K, capacity 62020K, committed 62336K, reserved 1103872K
  class space    used 6694K, capacity 7199K, committed 7296K, reserved 1048576K
GC Heap History (10 events):
Event: 40.914 GC heap before
{Heap before GC invocations=50 (full 6):
 PSYoungGen      total 250880K, used 246446K [0x00000000f0000000, 0x0000000100000000, 0x0000000100000000)
  eden space 241152K, 100% used [0x00000000f0000000,0x00000000feb80000,0x00000000feb80000)
  from space 9728K, 54% used [0x00000000feb80000,0x00000000ff0ab870,0x00000000ff500000)
  to   space 10240K, 0% used [0x00000000ff600000,0x00000000ff600000,0x0000000100000000)
 ParOldGen       total 81408K, used 68494K [0x00000000d0000000, 0x00000000d4f80000, 0x00000000f0000000)
  object space 81408K, 84% used [0x00000000d0000000,0x00000000d42e3930,0x00000000d4f80000)
 Metaspace       used 55207K, capacity 56788K, committed 57088K, reserved 1099776K
  class space    used 6105K, capacity 6575K, committed 6656K, reserved 1048576K
Event: 40.937 GC heap after
Heap after GC invocations=50 (full 6):
 PSYoungGen      total 248832K, used 10063K [0x00000000f0000000, 0x0000000100000000, 0x0000000100000000)
  eden space 238592K, 0% used [0x00000000f0000000,0x00000000f0000000,0x00000000fe900000)
  from space 10240K, 98% used [0x00000000ff600000,0x00000000fffd3f10,0x0000000100000000)
  to   space 11776K, 0% used [0x00000000fe900000,0x00000000fe900000,0x00000000ff480000)
 ParOldGen       total 81408K, used 68502K [0x00000000d0000000, 0x00000000d4f80000, 0x00000000f0000000)
  object space 81408K, 84% used [0x00000000d0000000,0x00000000d42e5930,0x00000000d4f80000)
 Metaspace       used 55207K, capacity 56788K, committed 57088K, reserved 1099776K
  class space    used 6105K, capacity 6575K, committed 6656K, reserved 1048576K
}
Event: 42.572 GC heap before
{Heap before GC invocations=51 (full 6):
 PSYoungGen      total 248832K, used 239923K [0x00000000f0000000, 0x0000000100000000, 0x0000000100000000)
  eden space 238592K, 96% used [0x00000000f0000000,0x00000000fe079090,0x00000000fe900000)
  from space 10240K, 98% used [0x00000000ff600000,0x00000000fffd3f10,0x0000000100000000)
  to   space 11776K, 0% used [0x00000000fe900000,0x00000000fe900000,0x00000000ff480000)
 ParOldGen       total 81408K, used 68502K [0x00000000d0000000, 0x00000000d4f80000, 0x00000000f0000000)
  object space 81408K, 84% used [0x00000000d0000000,0x00000000d42e5930,0x00000000d4f80000)
 Metaspace       used 56969K, capacity 58564K, committed 58752K, reserved 1101824K
  class space    used 6273K, capacity 6751K, committed 6784K, reserved 1048576K
Event: 42.594 GC heap after
Heap after GC invocations=51 (full 6):
 PSYoungGen      total 250368K, used 11758K [0x00000000f0000000, 0x0000000100000000, 0x0000000100000000)
  eden space 238592K, 0% used [0x00000000f0000000,0x00000000f0000000,0x00000000fe900000)
  from space 11776K, 99% used [0x00000000fe900000,0x00000000ff47b8c0,0x00000000ff480000)
  to   space 11776K, 0% used [0x00000000ff480000,0x00000000ff480000,0x0000000100000000)
 ParOldGen       total 81408K, used 76564K [0x00000000d0000000, 0x00000000d4f80000, 0x00000000f0000000)
  object space 81408K, 94% used [0x00000000d0000000,0x00000000d4ac5068,0x00000000d4f80000)
 Metaspace       used 56969K, capacity 58564K, committed 58752K, reserved 1101824K
  class space    used 6273K, capacity 6751K, committed 6784K, reserved 1048576K
}
Event: 42.594 GC heap before
{Heap before GC invocations=52 (full 7):
 PSYoungGen      total 250368K, used 11758K [0x00000000f0000000, 0x0000000100000000, 0x0000000100000000)
  eden space 238592K, 0% used [0x00000000f0000000,0x00000000f0000000,0x00000000fe900000)
  from space 11776K, 99% used [0x00000000fe900000,0x00000000ff47b8c0,0x00000000ff480000)
  to   space 11776K, 0% used [0x00000000ff480000,0x00000000ff480000,0x0000000100000000)
 ParOldGen       total 81408K, used 76564K [0x00000000d0000000, 0x00000000d4f80000, 0x00000000f0000000)
  object space 81408K, 94% used [0x00000000d0000000,0x00000000d4ac5068,0x00000000d4f80000)
 Metaspace       used 56969K, capacity 58564K, committed 58752K, reserved 1101824K
  class space    used 6273K, capacity 6751K, committed 6784K, reserved 1048576K
Event: 43.585 GC heap after
Heap after GC invocations=52 (full 7):
 PSYoungGen      total 250368K, used 4059K [0x00000000f0000000, 0x0000000100000000, 0x0000000100000000)
  eden space 238592K, 0% used [0x00000000f0000000,0x00000000f0000000,0x00000000fe900000)
  from space 11776K, 34% used [0x00000000fe900000,0x00000000fecf6ea0,0x00000000ff480000)
  to   space 11776K, 0% used [0x00000000ff480000,0x00000000ff480000,0x0000000100000000)
 ParOldGen       total 97280K, used 81278K [0x00000000d0000000, 0x00000000d5f00000, 0x00000000f0000000)
  object space 97280K, 83% used [0x00000000d0000000,0x00000000d4f5fbb0,0x00000000d5f00000)
 Metaspace       used 56969K, capacity 58564K, committed 58752K, reserved 1101824K
  class space    used 6273K, capacity 6751K, committed 6784K, reserved 1048576K
}
Event: 44.851 GC heap before
{Heap before GC invocations=53 (full 7):
 PSYoungGen      total 250368K, used 238558K [0x00000000f0000000, 0x0000000100000000, 0x0000000100000000)
  eden space 238592K, 98% used [0x00000000f0000000,0x00000000fe500b70,0x00000000fe900000)
  from space 11776K, 34% used [0x00000000fe900000,0x00000000fecf6ea0,0x00000000ff480000)
  to   space 11776K, 0% used [0x00000000ff480000,0x00000000ff480000,0x0000000100000000)
 ParOldGen       total 97280K, used 81278K [0x00000000d0000000, 0x00000000d5f00000, 0x00000000f0000000)
  object space 97280K, 83% used [0x00000000d0000000,0x00000000d4f5fbb0,0x00000000d5f00000)
 Metaspace       used 58393K, capacity 60060K, committed 60416K, reserved 1103872K
  class space    used 6401K, capacity 6885K, committed 6912K, reserved 1048576K
Event: 44.896 GC heap after
Heap after GC invocations=53 (full 7):
 PSYoungGen      total 238080K, used 11619K [0x00000000f0000000, 0x0000000100000000, 0x0000000100000000)
  eden space 226304K, 0% used [0x00000000f0000000,0x00000000f0000000,0x00000000fdd00000)
  from space 11776K, 98% used [0x00000000ff480000,0x00000000fffd8d28,0x0000000100000000)
  to   space 17920K, 0% used [0x00000000fdd00000,0x00000000fdd00000,0x00000000fee80000)
 ParOldGen       total 97280K, used 81922K [0x00000000d0000000, 0x00000000d5f00000, 0x00000000f0000000)
  object space 97280K, 84% used [0x00000000d0000000,0x00000000d5000bc0,0x00000000d5f00000)
 Metaspace       used 58393K, capacity 60060K, committed 60416K, reserved 1103872K
  class space    used 6401K, capacity 6885K, committed 6912K, reserved 1048576K
}
Event: 45.555 GC heap before
{Heap before GC invocations=54 (full 7):
 PSYoungGen      total 238080K, used 231899K [0x00000000f0000000, 0x0000000100000000, 0x0000000100000000)
  eden space 226304K, 97% used [0x00000000f0000000,0x00000000fd71e2c0,0x00000000fdd00000)
  from space 11776K, 98% used [0x00000000ff480000,0x00000000fffd8d28,0x0000000100000000)
  to   space 17920K, 0% used [0x00000000fdd00000,0x00000000fdd00000,0x00000000fee80000)
 ParOldGen       total 97280K, used 81922K [0x00000000d0000000, 0x00000000d5f00000, 0x00000000f0000000)
  object space 97280K, 84% used [0x00000000d0000000,0x00000000d5000bc0,0x00000000d5f00000)
 Metaspace       used 60184K, capacity 61942K, committed 62336K, reserved 1103872K
  class space    used 6685K, capacity 7193K, committed 7296K, reserved 1048576K
Event: 45.587 GC heap after
Heap after GC invocations=54 (full 7):
 PSYoungGen      total 244224K, used 17911K [0x00000000f0000000, 0x0000000100000000, 0x0000000100000000)
  eden space 226304K, 0% used [0x00000000f0000000,0x00000000f0000000,0x00000000fdd00000)
  from space 17920K, 99% used [0x00000000fdd00000,0x00000000fee7dde8,0x00000000fee80000)
  to   space 17920K, 0% used [0x00000000fee80000,0x00000000fee80000,0x0000000100000000)
 ParOldGen       total 97280K, used 82052K [0x00000000d0000000, 0x00000000d5f00000, 0x00000000f0000000)
  object space 97280K, 84% used [0x00000000d0000000,0x00000000d50211d0,0x00000000d5f00000)
 Metaspace       used 60184K, capacity 61942K, committed 62336K, reserved 1103872K
  class space    used 6685K, capacity 7193K, committed 7296K, reserved 1048576K
}

